2024-05-14 16:11:36,478 INFO: 
                ____                _       _____  ____
               / __ ) ____ _ _____ (_)_____/ ___/ / __ \
              / __  |/ __ `// ___// // ___/\__ \ / /_/ /
             / /_/ // /_/ /(__  )/ // /__ ___/ // _, _/
            /_____/ \__,_//____//_/ \___//____//_/ |_|
     ______                   __   __                 __      __
    / ____/____   ____   ____/ /  / /   __  __ _____ / /__   / /
   / / __ / __ \ / __ \ / __  /  / /   / / / // ___// //_/  / /
  / /_/ // /_/ // /_/ // /_/ /  / /___/ /_/ // /__ / /<    /_/
  \____/ \____/ \____/ \____/  /_____/\____/ \___//_/|_|  (_)
    
Version Information: 
	BasicSR: 1.2.0+10018c6
	PyTorch: 2.2.2+cu118
	TorchVision: 0.17.2+cu118
2024-05-14 16:11:36,478 INFO: 
  name: MambaIR_CC
  model_type: ImageCleanModel
  num_gpu: 4
  manual_seed: 10
  datasets:[
    train:[
      task: CC
      name: ColorCheckerDataset
      type: ColorCheckerDataset
      dataroot_gt: /data/czx/datasets/CC/train/gt_corrected/
      dataroot_img: /data/czx/datasets/CC/train/linear_images/
      dataroot_label: /data/czx/datasets/CC/metadata.txt
      img_size: [256, 256]
      gt_size: 512
      use_shuffle: True
      num_worker_per_gpu: 8
      batch_size_per_gpu: 1
      phase: train
    ]
    val:[
      name: CC
      type: ColorCheckerDataset
      dataroot_gt: /data/czx/datasets/CC/val/gt_corrected/
      dataroot_img: /data/czx/datasets/CC/val/linear_images
      dataroot_label: /data/czx/datasets/CC/metadata.txt
      img_size: [256, 256]
      phase: val
    ]
  ]
  network_g:[
    type: MambaIRUNet
    upscale: 1
    in_chans: 3
    img_size: 64
    img_range: 1.0
    d_state: 16
    depths: [6, 6, 6, 6, 6, 6]
    embed_dim: 180
    mlp_ratio: 2
    upsampler: pixelshuffle
    resi_connection: 1conv
  ]
  path:[
    pretrain_network_g: None
    strict_load_g: True
    resume_state: None
    root: /data/czx/MambaCC
    experiments_root: /data/czx/MambaCC/experiments/MambaIR_CC
    models: /data/czx/MambaCC/experiments/MambaIR_CC/models
    training_states: /data/czx/MambaCC/experiments/MambaIR_CC/training_states
    log: /data/czx/MambaCC/experiments/MambaIR_CC
    visualization: /data/czx/MambaCC/experiments/MambaIR_CC/visualization
  ]
  train:[
    optim_g:[
      type: Adam
      lr: 0.0002
      weight_decay: 0
      betas: [0.9, 0.99]
    ]
    scheduler:[
      type: MultiStepLR
      milestones: [250000, 400000, 450000, 475000]
      gamma: 0.5
    ]
    total_epochs: 5000
    warmup_epochs: -1
    pixel_opt:[
      type: AngularLoss
      loss_weight: 1.0
      reduction: mean
    ]
  ]
  val:[
    val_freq: 1
    save_img: False
    metrics:[
      psnr:[
        type: calculate_psnr
        crop_border: 2
        test_y_channel: True
      ]
    ]
  ]
  logger:[
    print_freq: 200
    save_checkpoint_freq: 100
    use_tb_logger: False
    wandb:[
      project: None
      resume_id: None
    ]
  ]
  is_train: True
  dist: False
  rank: 0
  world_size: 1

2024-05-14 16:11:36,484 INFO: Dataset ColorCheckerDataset - ColorCheckerDataset is created.
2024-05-14 16:11:36,485 INFO: Training statistics:
	Number of train images: 560
	Dataset enlarge ratio: 1
	Batch size per gpu: 1
	World size (gpu number): 1
	Total epochs: 5000.
2024-05-14 16:11:36,486 INFO: Dataset ColorCheckerDataset - CC is created.
2024-05-14 16:11:36,487 INFO: Number of val images/folders in CC: 8
